# JRE version: OpenJDK Runtime Environment (8.0_242-b01) (build 1.8.0_242-release-1644-b01)
# Java VM: OpenJDK 64-Bit Server VM (25.242-b01 mixed mode windows-amd64 compressed oops)
Heap:
 PSYoungGen      total 400384K, used 55061K [0x00000000e0000000, 0x00000000fe700000, 0x0000000100000000)
  eden space 334336K, 0% used [0x00000000e0000000,0x00000000e0000000,0x00000000f4680000)
  from space 66048K, 83% used [0x00000000f8d00000,0x00000000fc2c5690,0x00000000fcd80000)
  to   space 72192K, 0% used [0x00000000f4680000,0x00000000f4680000,0x00000000f8d00000)
 ParOldGen       total 267776K, used 202080K [0x00000000a0000000, 0x00000000b0580000, 0x00000000e0000000)
  object space 267776K, 75% used [0x00000000a0000000,0x00000000ac558208,0x00000000b0580000)
 Metaspace       used 127993K, capacity 136735K, committed 136960K, reserved 1167360K
  class space    used 16638K, capacity 18229K, committed 18304K, reserved 1048576K
GC Heap History (10 events):
Event: 896.175 GC heap after
Heap after GC invocations=30 (full 4):
 PSYoungGen      total 330752K, used 6657K [0x00000000e0000000, 0x00000000f8180000, 0x0000000100000000)
  eden space 274944K, 0% used [0x00000000e0000000,0x00000000e0000000,0x00000000f0c80000)
  from space 55808K, 11% used [0x00000000f4b00000,0x00000000f5180440,0x00000000f8180000)
  to   space 59904K, 0% used [0x00000000f0c80000,0x00000000f0c80000,0x00000000f4700000)
 ParOldGen       total 267776K, used 197859K [0x00000000a0000000, 0x00000000b0580000, 0x00000000e0000000)
  object space 267776K, 73% used [0x00000000a0000000,0x00000000ac138f00,0x00000000b0580000)
 Metaspace       used 84419K, capacity 91491K, committed 91648K, reserved 1128448K
  class space    used 11105K, capacity 12431K, committed 12544K, reserved 1048576K
}
Event: 909.458 GC heap before
{Heap before GC invocations=31 (full 4):
 PSYoungGen      total 330752K, used 265654K [0x00000000e0000000, 0x00000000f8180000, 0x0000000100000000)
  eden space 274944K, 94% used [0x00000000e0000000,0x00000000efced468,0x00000000f0c80000)
  from space 55808K, 11% used [0x00000000f4b00000,0x00000000f5180440,0x00000000f8180000)
  to   space 59904K, 0% used [0x00000000f0c80000,0x00000000f0c80000,0x00000000f4700000)
 ParOldGen       total 267776K, used 197859K [0x00000000a0000000, 0x00000000b0580000, 0x00000000e0000000)
  object space 267776K, 73% used [0x00000000a0000000,0x00000000ac138f00,0x00000000b0580000)
 Metaspace       used 93320K, capacity 101135K, committed 101376K, reserved 1136640K
  class space    used 12323K, capacity 13766K, committed 13824K, reserved 1048576K
Event: 909.486 GC heap after
Heap after GC invocations=31 (full 4):
 PSYoungGen      total 334848K, used 39718K [0x00000000e0000000, 0x00000000faa00000, 0x0000000100000000)
  eden space 274944K, 0% used [0x00000000e0000000,0x00000000e0000000,0x00000000f0c80000)
  from space 59904K, 66% used [0x00000000f0c80000,0x00000000f3349b88,0x00000000f4700000)
  to   space 61952K, 0% used [0x00000000f6d80000,0x00000000f6d80000,0x00000000faa00000)
 ParOldGen       total 267776K, used 202048K [0x00000000a0000000, 0x00000000b0580000, 0x00000000e0000000)
  object space 267776K, 75% used [0x00000000a0000000,0x00000000ac550208,0x00000000b0580000)
 Metaspace       used 93320K, capacity 101135K, committed 101376K, reserved 1136640K
  class space    used 12323K, capacity 13766K, committed 13824K, reserved 1048576K
}
Event: 928.467 GC heap before
{Heap before GC invocations=32 (full 4):
 PSYoungGen      total 334848K, used 314662K [0x00000000e0000000, 0x00000000faa00000, 0x0000000100000000)
  eden space 274944K, 100% used [0x00000000e0000000,0x00000000f0c80000,0x00000000f0c80000)
  from space 59904K, 66% used [0x00000000f0c80000,0x00000000f3349b88,0x00000000f4700000)
  to   space 61952K, 0% used [0x00000000f6d80000,0x00000000f6d80000,0x00000000faa00000)
 ParOldGen       total 267776K, used 202048K [0x00000000a0000000, 0x00000000b0580000, 0x00000000e0000000)
  object space 267776K, 75% used [0x00000000a0000000,0x00000000ac550208,0x00000000b0580000)
 Metaspace       used 100071K, capacity 108083K, committed 108160K, reserved 1142784K
  class space    used 12952K, capacity 14450K, committed 14464K, reserved 1048576K
Event: 928.519 GC heap after
Heap after GC invocations=32 (full 4):
 PSYoungGen      total 360960K, used 20753K [0x00000000e0000000, 0x00000000fa100000, 0x0000000100000000)
  eden space 308224K, 0% used [0x00000000e0000000,0x00000000e0000000,0x00000000f2d00000)
  from space 52736K, 39% used [0x00000000f6d80000,0x00000000f81c4440,0x00000000fa100000)
  to   space 59392K, 0% used [0x00000000f2d00000,0x00000000f2d00000,0x00000000f6700000)
 ParOldGen       total 267776K, used 202064K [0x00000000a0000000, 0x00000000b0580000, 0x00000000e0000000)
  object space 267776K, 75% used [0x00000000a0000000,0x00000000ac554208,0x00000000b0580000)
 Metaspace       used 100071K, capacity 108083K, committed 108160K, reserved 1142784K
  class space    used 12952K, capacity 14450K, committed 14464K, reserved 1048576K
}
Event: 973.398 GC heap before
{Heap before GC invocations=33 (full 4):
 PSYoungGen      total 360960K, used 328977K [0x00000000e0000000, 0x00000000fa100000, 0x0000000100000000)
  eden space 308224K, 100% used [0x00000000e0000000,0x00000000f2d00000,0x00000000f2d00000)
  from space 52736K, 39% used [0x00000000f6d80000,0x00000000f81c4440,0x00000000fa100000)
  to   space 59392K, 0% used [0x00000000f2d00000,0x00000000f2d00000,0x00000000f6700000)
 ParOldGen       total 267776K, used 202064K [0x00000000a0000000, 0x00000000b0580000, 0x00000000e0000000)
  object space 267776K, 75% used [0x00000000a0000000,0x00000000ac554208,0x00000000b0580000)
 Metaspace       used 115220K, capacity 123683K, committed 123904K, reserved 1157120K
  class space    used 14992K, capacity 16546K, committed 16640K, reserved 1048576K
Event: 973.467 GC heap after
Heap after GC invocations=33 (full 4):
 PSYoungGen      total 367616K, used 52477K [0x00000000e0000000, 0x00000000fcd80000, 0x0000000100000000)
  eden space 308224K, 0% used [0x00000000e0000000,0x00000000e0000000,0x00000000f2d00000)
  from space 59392K, 88% used [0x00000000f2d00000,0x00000000f603f7e8,0x00000000f6700000)
  to   space 66048K, 0% used [0x00000000f8d00000,0x00000000f8d00000,0x00000000fcd80000)
 ParOldGen       total 267776K, used 202072K [0x00000000a0000000, 0x00000000b0580000, 0x00000000e0000000)
  object space 267776K, 75% used [0x00000000a0000000,0x00000000ac556208,0x00000000b0580000)
 Metaspace       used 115220K, capacity 123683K, committed 123904K, reserved 1157120K
  class space    used 14992K, capacity 16546K, committed 16640K, reserved 1048576K
}
Event: 983.370 GC heap before
{Heap before GC invocations=34 (full 4):
 PSYoungGen      total 367616K, used 121714K [0x00000000e0000000, 0x00000000fcd80000, 0x0000000100000000)
  eden space 308224K, 22% used [0x00000000e0000000,0x00000000e439d2e8,0x00000000f2d00000)
  from space 59392K, 88% used [0x00000000f2d00000,0x00000000f603f7e8,0x00000000f6700000)
  to   space 66048K, 0% used [0x00000000f8d00000,0x00000000f8d00000,0x00000000fcd80000)
 ParOldGen       total 267776K, used 202072K [0x00000000a0000000, 0x00000000b0580000, 0x00000000e0000000)
  object space 267776K, 75% used [0x00000000a0000000,0x00000000ac556208,0x00000000b0580000)
 Metaspace       used 127993K, capacity 136735K, committed 136960K, reserved 1167360K
  class space    used 16638K, capacity 18229K, committed 18304K, reserved 1048576K
Event: 983.627 GC heap after
Heap after GC invocations=34 (full 4):
 PSYoungGen      total 400384K, used 55061K [0x00000000e0000000, 0x00000000fe700000, 0x0000000100000000)
  eden space 334336K, 0% used [0x00000000e0000000,0x00000000e0000000,0x00000000f4680000)
  from space 66048K, 83% used [0x00000000f8d00000,0x00000000fc2c5690,0x00000000fcd80000)
  to   space 72192K, 0% used [0x00000000f4680000,0x00000000f4680000,0x00000000f8d00000)
 ParOldGen       total 267776K, used 202080K [0x00000000a0000000, 0x00000000b0580000, 0x00000000e0000000)
  object space 267776K, 75% used [0x00000000a0000000,0x00000000ac558208,0x00000000b0580000)
 Metaspace       used 127993K, capacity 136735K, committed 136960K, reserved 1167360K
  class space    used 16638K, capacity 18229K, committed 18304K, reserved 1048576K
}
Event: 983.627 GC heap before
{Heap before GC invocations=35 (full 5):
 PSYoungGen      total 400384K, used 55061K [0x00000000e0000000, 0x00000000fe700000, 0x0000000100000000)
  eden space 334336K, 0% used [0x00000000e0000000,0x00000000e0000000,0x00000000f4680000)
  from space 66048K, 83% used [0x00000000f8d00000,0x00000000fc2c5690,0x00000000fcd80000)
  to   space 72192K, 0% used [0x00000000f4680000,0x00000000f4680000,0x00000000f8d00000)
 ParOldGen       total 267776K, used 202080K [0x00000000a0000000, 0x00000000b0580000, 0x00000000e0000000)
  object space 267776K, 75% used [0x00000000a0000000,0x00000000ac558208,0x00000000b0580000)
 Metaspace       used 127993K, capacity 136735K, committed 136960K, reserved 1167360K
  class space    used 16638K, capacity 18229K, committed 18304K, reserved 1048576K

